<?xml version="1.0" encoding="UTF-8"?>
<testsuite name="SILab2Test" tests="1" skipped="0" failures="0" errors="0" timestamp="2023-05-24T19:36:33" hostname="LAPTOP-O7218RQ1" time="0.075">
  <properties/>
  <testcase name="function2()" classname="SILab2Test" time="0.075"/>
  <system-out><![CDATA[]]></system-out>
  <system-err><![CDATA[]]></system-err>
</testsuite>
